c:\users\kevin\dev\soul\game\x64\debug\vc141.pdb
c:\users\kevin\dev\soul\game\x64\debug\vc141.idb
c:\users\kevin\dev\soul\game\x64\debug\main.obj
c:\users\kevin\dev\soul\x64\debug\game.pdb
c:\users\kevin\dev\soul\game\x64\debug\game.tlog\cl.command.1.tlog
c:\users\kevin\dev\soul\game\x64\debug\game.tlog\cl.read.1.tlog
c:\users\kevin\dev\soul\game\x64\debug\game.tlog\cl.write.1.tlog
c:\users\kevin\dev\soul\game\x64\debug\game.tlog\link-cvtres.read.1.tlog
c:\users\kevin\dev\soul\game\x64\debug\game.tlog\link-cvtres.write.1.tlog
c:\users\kevin\dev\soul\game\x64\debug\game.tlog\link-rc.read.1.tlog
c:\users\kevin\dev\soul\game\x64\debug\game.tlog\link-rc.write.1.tlog
c:\users\kevin\dev\soul\game\x64\debug\game.tlog\link.2316-cvtres.read.1.tlog
c:\users\kevin\dev\soul\game\x64\debug\game.tlog\link.2316-cvtres.write.1.tlog
c:\users\kevin\dev\soul\game\x64\debug\game.tlog\link.2316-rc.read.1.tlog
c:\users\kevin\dev\soul\game\x64\debug\game.tlog\link.2316-rc.write.1.tlog
c:\users\kevin\dev\soul\game\x64\debug\game.tlog\link.2316.read.1.tlog
c:\users\kevin\dev\soul\game\x64\debug\game.tlog\link.2316.write.1.tlog
c:\users\kevin\dev\soul\game\x64\debug\game.tlog\link.command.1.tlog
c:\users\kevin\dev\soul\game\x64\debug\game.tlog\link.read.1.tlog
c:\users\kevin\dev\soul\game\x64\debug\game.tlog\link.write.1.tlog
