cl : Command line warning D9002: ignoring unknown option '/NODEFAULTLIB:libcmt.lib'
  main.cpp
LINK : warning LNK4098: defaultlib 'MSVCRT' conflicts with use of other libs; use /NODEFAULTLIB:library
soul.lib(soul_core.obj) : error LNK2001: unresolved external symbol __imp___glewEnableVertexAttribArray
soul.lib(soul_core.obj) : error LNK2001: unresolved external symbol __imp___glewBindVertexArray
soul.lib(soul_core.obj) : error LNK2001: unresolved external symbol __imp___glewUseProgram
soul.lib(soul_core.obj) : error LNK2001: unresolved external symbol __imp___glewVertexAttribPointer
soul.lib(soul_core.obj) : error LNK2001: unresolved external symbol __imp___glewCompileShader
soul.lib(soul_core.obj) : error LNK2001: unresolved external symbol __imp___glewCreateShader
soul.lib(soul_core.obj) : error LNK2001: unresolved external symbol __imp___glewBindBuffer
soul.lib(soul_core.obj) : error LNK2001: unresolved external symbol __imp___glewCreateProgram
soul.lib(soul_core.obj) : error LNK2001: unresolved external symbol __imp___glewBufferData
soul.lib(soul_core.obj) : error LNK2001: unresolved external symbol __imp___glewAttachShader
soul.lib(soul_core.obj) : error LNK2001: unresolved external symbol __imp___glewShaderSource
soul.lib(soul_core.obj) : error LNK2001: unresolved external symbol __imp___glewGenVertexArrays
soul.lib(soul_core.obj) : error LNK2001: unresolved external symbol __imp___glewGenBuffers
soul.lib(context.c.obj) : error LNK2001: unresolved external symbol __imp_strstr
soul.lib(win32_joystick.c.obj) : error LNK2001: unresolved external symbol __imp_strstr
soul.lib(context.c.obj) : error LNK2001: unresolved external symbol __imp___stdio_common_vsscanf
soul.lib(win32_monitor.c.obj) : error LNK2001: unresolved external symbol __imp_realloc
soul.lib(monitor.c.obj) : error LNK2001: unresolved external symbol __imp__strdup
soul.lib(win32_window.c.obj) : error LNK2001: unresolved external symbol __imp__strdup
soul.lib(win32_joystick.c.obj) : error LNK2001: unresolved external symbol __imp__strdup
C:\Users\kevin\Dev\soul\x64\Release\game.exe : fatal error LNK1120: 17 unresolved externals
