The system is: Darwin - 17.6.0 - x86_64
Compiling the C compiler identification source file "CMakeCCompilerId.c" succeeded.
Compiler: /Library/Developer/CommandLineTools/usr/bin/cc 
Build flags: 
Id flags:  

The output was:
0


Compilation of the C compiler identification source "CMakeCCompilerId.c" produced "a.out"

The C compiler identification is AppleClang, found in "/Users/utamak/Downloads/glfw-3.2.1/glfw-build/CMakeFiles/3.11.4/CompilerIdC/a.out"

Determining if the C compiler works passed with the following output:
Change Dir: /Users/utamak/Downloads/glfw-3.2.1/glfw-build/CMakeFiles/CMakeTmp

Run Build Command:"/usr/bin/make" "cmTC_9bd71/fast"
/Library/Developer/CommandLineTools/usr/bin/make -f CMakeFiles/cmTC_9bd71.dir/build.make CMakeFiles/cmTC_9bd71.dir/build
Building C object CMakeFiles/cmTC_9bd71.dir/testCCompiler.c.o
/Library/Developer/CommandLineTools/usr/bin/cc    -o CMakeFiles/cmTC_9bd71.dir/testCCompiler.c.o   -c /Users/utamak/Downloads/glfw-3.2.1/glfw-build/CMakeFiles/CMakeTmp/testCCompiler.c
Linking C executable cmTC_9bd71
/usr/local/Cellar/cmake/3.11.4/bin/cmake -E cmake_link_script CMakeFiles/cmTC_9bd71.dir/link.txt --verbose=1
/Library/Developer/CommandLineTools/usr/bin/cc   -Wl,-search_paths_first -Wl,-headerpad_max_install_names   CMakeFiles/cmTC_9bd71.dir/testCCompiler.c.o  -o cmTC_9bd71 


Detecting C compiler ABI info compiled with the following output:
Change Dir: /Users/utamak/Downloads/glfw-3.2.1/glfw-build/CMakeFiles/CMakeTmp

Run Build Command:"/usr/bin/make" "cmTC_dc61c/fast"
/Library/Developer/CommandLineTools/usr/bin/make -f CMakeFiles/cmTC_dc61c.dir/build.make CMakeFiles/cmTC_dc61c.dir/build
Building C object CMakeFiles/cmTC_dc61c.dir/CMakeCCompilerABI.c.o
/Library/Developer/CommandLineTools/usr/bin/cc    -o CMakeFiles/cmTC_dc61c.dir/CMakeCCompilerABI.c.o   -c /usr/local/Cellar/cmake/3.11.4/share/cmake/Modules/CMakeCCompilerABI.c
Linking C executable cmTC_dc61c
/usr/local/Cellar/cmake/3.11.4/bin/cmake -E cmake_link_script CMakeFiles/cmTC_dc61c.dir/link.txt --verbose=1
/Library/Developer/CommandLineTools/usr/bin/cc   -Wl,-search_paths_first -Wl,-headerpad_max_install_names  -v -Wl,-v CMakeFiles/cmTC_dc61c.dir/CMakeCCompilerABI.c.o  -o cmTC_dc61c 
Apple LLVM version 9.1.0 (clang-902.0.39.2)
Target: x86_64-apple-darwin17.6.0
Thread model: posix
InstalledDir: /Library/Developer/CommandLineTools/usr/bin
 "/Library/Developer/CommandLineTools/usr/bin/ld" -demangle -lto_library /Library/Developer/CommandLineTools/usr/lib/libLTO.dylib -dynamic -arch x86_64 -macosx_version_min 10.13.0 -o cmTC_dc61c -search_paths_first -headerpad_max_install_names -v CMakeFiles/cmTC_dc61c.dir/CMakeCCompilerABI.c.o -lSystem /Library/Developer/CommandLineTools/usr/lib/clang/9.1.0/lib/darwin/libclang_rt.osx.a
@(#)PROGRAM:ld  PROJECT:ld64-351.8
configured to support archs: armv6 armv7 armv7s arm64 i386 x86_64 x86_64h armv6m armv7k armv7m armv7em (tvOS)
Library search paths:
	/usr/lib
	/usr/local/lib
Framework search paths:
	/Library/Frameworks/
	/System/Library/Frameworks/


Parsed C implicit link information from above output:
  link line regex: [^( *|.*[/\])(ld|CMAKE_LINK_STARTFILE-NOTFOUND|([^/\]+-)?ld|collect2)[^/\]*( |$)]
  ignore line: [Change Dir: /Users/utamak/Downloads/glfw-3.2.1/glfw-build/CMakeFiles/CMakeTmp]
  ignore line: []
  ignore line: [Run Build Command:"/usr/bin/make" "cmTC_dc61c/fast"]
  ignore line: [/Library/Developer/CommandLineTools/usr/bin/make -f CMakeFiles/cmTC_dc61c.dir/build.make CMakeFiles/cmTC_dc61c.dir/build]
  ignore line: [Building C object CMakeFiles/cmTC_dc61c.dir/CMakeCCompilerABI.c.o]
  ignore line: [/Library/Developer/CommandLineTools/usr/bin/cc    -o CMakeFiles/cmTC_dc61c.dir/CMakeCCompilerABI.c.o   -c /usr/local/Cellar/cmake/3.11.4/share/cmake/Modules/CMakeCCompilerABI.c]
  ignore line: [Linking C executable cmTC_dc61c]
  ignore line: [/usr/local/Cellar/cmake/3.11.4/bin/cmake -E cmake_link_script CMakeFiles/cmTC_dc61c.dir/link.txt --verbose=1]
  ignore line: [/Library/Developer/CommandLineTools/usr/bin/cc   -Wl,-search_paths_first -Wl,-headerpad_max_install_names  -v -Wl,-v CMakeFiles/cmTC_dc61c.dir/CMakeCCompilerABI.c.o  -o cmTC_dc61c ]
  ignore line: [Apple LLVM version 9.1.0 (clang-902.0.39.2)]
  ignore line: [Target: x86_64-apple-darwin17.6.0]
  ignore line: [Thread model: posix]
  ignore line: [InstalledDir: /Library/Developer/CommandLineTools/usr/bin]
  link line: [ "/Library/Developer/CommandLineTools/usr/bin/ld" -demangle -lto_library /Library/Developer/CommandLineTools/usr/lib/libLTO.dylib -dynamic -arch x86_64 -macosx_version_min 10.13.0 -o cmTC_dc61c -search_paths_first -headerpad_max_install_names -v CMakeFiles/cmTC_dc61c.dir/CMakeCCompilerABI.c.o -lSystem /Library/Developer/CommandLineTools/usr/lib/clang/9.1.0/lib/darwin/libclang_rt.osx.a]
    arg [/Library/Developer/CommandLineTools/usr/bin/ld] ==> ignore
    arg [-demangle] ==> ignore
    arg [-lto_library] ==> ignore, skip following value
    arg [/Library/Developer/CommandLineTools/usr/lib/libLTO.dylib] ==> skip value of -lto_library
    arg [-dynamic] ==> ignore
    arg [-arch] ==> ignore
    arg [x86_64] ==> ignore
    arg [-macosx_version_min] ==> ignore
    arg [10.13.0] ==> ignore
    arg [-o] ==> ignore
    arg [cmTC_dc61c] ==> ignore
    arg [-search_paths_first] ==> ignore
    arg [-headerpad_max_install_names] ==> ignore
    arg [-v] ==> ignore
    arg [CMakeFiles/cmTC_dc61c.dir/CMakeCCompilerABI.c.o] ==> ignore
    arg [-lSystem] ==> lib [System]
    arg [/Library/Developer/CommandLineTools/usr/lib/clang/9.1.0/lib/darwin/libclang_rt.osx.a] ==> lib [/Library/Developer/CommandLineTools/usr/lib/clang/9.1.0/lib/darwin/libclang_rt.osx.a]
  Library search paths: [;/usr/lib;/usr/local/lib]
  Framework search paths: [;/Library/Frameworks/;/System/Library/Frameworks/]
  remove lib [System]
  remove lib [/Library/Developer/CommandLineTools/usr/lib/clang/9.1.0/lib/darwin/libclang_rt.osx.a]
  collapse library dir [/usr/lib] ==> [/usr/lib]
  collapse library dir [/usr/local/lib] ==> [/usr/local/lib]
  collapse framework dir [/Library/Frameworks/] ==> [/Library/Frameworks]
  collapse framework dir [/System/Library/Frameworks/] ==> [/System/Library/Frameworks]
  implicit libs: []
  implicit dirs: [/usr/lib;/usr/local/lib]
  implicit fwks: [/Library/Frameworks;/System/Library/Frameworks]




Detecting C [-std=c11] compiler features compiled with the following output:
Change Dir: /Users/utamak/Downloads/glfw-3.2.1/glfw-build/CMakeFiles/CMakeTmp

Run Build Command:"/usr/bin/make" "cmTC_65f50/fast"
/Library/Developer/CommandLineTools/usr/bin/make -f CMakeFiles/cmTC_65f50.dir/build.make CMakeFiles/cmTC_65f50.dir/build
Building C object CMakeFiles/cmTC_65f50.dir/feature_tests.c.o
/Library/Developer/CommandLineTools/usr/bin/cc   -std=c11 -o CMakeFiles/cmTC_65f50.dir/feature_tests.c.o   -c /Users/utamak/Downloads/glfw-3.2.1/glfw-build/CMakeFiles/feature_tests.c
Linking C executable cmTC_65f50
/usr/local/Cellar/cmake/3.11.4/bin/cmake -E cmake_link_script CMakeFiles/cmTC_65f50.dir/link.txt --verbose=1
/Library/Developer/CommandLineTools/usr/bin/cc   -Wl,-search_paths_first -Wl,-headerpad_max_install_names   CMakeFiles/cmTC_65f50.dir/feature_tests.c.o  -o cmTC_65f50 


    Feature record: C_FEATURE:1c_function_prototypes
    Feature record: C_FEATURE:1c_restrict
    Feature record: C_FEATURE:1c_static_assert
    Feature record: C_FEATURE:1c_variadic_macros


Detecting C [-std=c99] compiler features compiled with the following output:
Change Dir: /Users/utamak/Downloads/glfw-3.2.1/glfw-build/CMakeFiles/CMakeTmp

Run Build Command:"/usr/bin/make" "cmTC_03f91/fast"
/Library/Developer/CommandLineTools/usr/bin/make -f CMakeFiles/cmTC_03f91.dir/build.make CMakeFiles/cmTC_03f91.dir/build
Building C object CMakeFiles/cmTC_03f91.dir/feature_tests.c.o
/Library/Developer/CommandLineTools/usr/bin/cc   -std=c99 -o CMakeFiles/cmTC_03f91.dir/feature_tests.c.o   -c /Users/utamak/Downloads/glfw-3.2.1/glfw-build/CMakeFiles/feature_tests.c
Linking C executable cmTC_03f91
/usr/local/Cellar/cmake/3.11.4/bin/cmake -E cmake_link_script CMakeFiles/cmTC_03f91.dir/link.txt --verbose=1
/Library/Developer/CommandLineTools/usr/bin/cc   -Wl,-search_paths_first -Wl,-headerpad_max_install_names   CMakeFiles/cmTC_03f91.dir/feature_tests.c.o  -o cmTC_03f91 


    Feature record: C_FEATURE:1c_function_prototypes
    Feature record: C_FEATURE:1c_restrict
    Feature record: C_FEATURE:0c_static_assert
    Feature record: C_FEATURE:1c_variadic_macros


Detecting C [-std=c90] compiler features compiled with the following output:
Change Dir: /Users/utamak/Downloads/glfw-3.2.1/glfw-build/CMakeFiles/CMakeTmp

Run Build Command:"/usr/bin/make" "cmTC_3dbd1/fast"
/Library/Developer/CommandLineTools/usr/bin/make -f CMakeFiles/cmTC_3dbd1.dir/build.make CMakeFiles/cmTC_3dbd1.dir/build
Building C object CMakeFiles/cmTC_3dbd1.dir/feature_tests.c.o
/Library/Developer/CommandLineTools/usr/bin/cc   -std=c90 -o CMakeFiles/cmTC_3dbd1.dir/feature_tests.c.o   -c /Users/utamak/Downloads/glfw-3.2.1/glfw-build/CMakeFiles/feature_tests.c
Linking C executable cmTC_3dbd1
/usr/local/Cellar/cmake/3.11.4/bin/cmake -E cmake_link_script CMakeFiles/cmTC_3dbd1.dir/link.txt --verbose=1
/Library/Developer/CommandLineTools/usr/bin/cc   -Wl,-search_paths_first -Wl,-headerpad_max_install_names   CMakeFiles/cmTC_3dbd1.dir/feature_tests.c.o  -o cmTC_3dbd1 


    Feature record: C_FEATURE:1c_function_prototypes
    Feature record: C_FEATURE:0c_restrict
    Feature record: C_FEATURE:0c_static_assert
    Feature record: C_FEATURE:0c_variadic_macros
Determining if the include file pthread.h exists passed with the following output:
Change Dir: /Users/utamak/Downloads/glfw-3.2.1/glfw-build/CMakeFiles/CMakeTmp

Run Build Command:"/usr/bin/make" "cmTC_014ec/fast"
/Library/Developer/CommandLineTools/usr/bin/make -f CMakeFiles/cmTC_014ec.dir/build.make CMakeFiles/cmTC_014ec.dir/build
Building C object CMakeFiles/cmTC_014ec.dir/CheckIncludeFile.c.o
/Library/Developer/CommandLineTools/usr/bin/cc    -o CMakeFiles/cmTC_014ec.dir/CheckIncludeFile.c.o   -c /Users/utamak/Downloads/glfw-3.2.1/glfw-build/CMakeFiles/CMakeTmp/CheckIncludeFile.c
Linking C executable cmTC_014ec
/usr/local/Cellar/cmake/3.11.4/bin/cmake -E cmake_link_script CMakeFiles/cmTC_014ec.dir/link.txt --verbose=1
/Library/Developer/CommandLineTools/usr/bin/cc   -Wl,-search_paths_first -Wl,-headerpad_max_install_names   CMakeFiles/cmTC_014ec.dir/CheckIncludeFile.c.o  -o cmTC_014ec 


Determining if the pthread_create exist passed with the following output:
Change Dir: /Users/utamak/Downloads/glfw-3.2.1/glfw-build/CMakeFiles/CMakeTmp

Run Build Command:"/usr/bin/make" "cmTC_a83ef/fast"
/Library/Developer/CommandLineTools/usr/bin/make -f CMakeFiles/cmTC_a83ef.dir/build.make CMakeFiles/cmTC_a83ef.dir/build
Building C object CMakeFiles/cmTC_a83ef.dir/CheckSymbolExists.c.o
/Library/Developer/CommandLineTools/usr/bin/cc    -o CMakeFiles/cmTC_a83ef.dir/CheckSymbolExists.c.o   -c /Users/utamak/Downloads/glfw-3.2.1/glfw-build/CMakeFiles/CMakeTmp/CheckSymbolExists.c
Linking C executable cmTC_a83ef
/usr/local/Cellar/cmake/3.11.4/bin/cmake -E cmake_link_script CMakeFiles/cmTC_a83ef.dir/link.txt --verbose=1
/Library/Developer/CommandLineTools/usr/bin/cc   -Wl,-search_paths_first -Wl,-headerpad_max_install_names   CMakeFiles/cmTC_a83ef.dir/CheckSymbolExists.c.o  -o cmTC_a83ef 

File /Users/utamak/Downloads/glfw-3.2.1/glfw-build/CMakeFiles/CMakeTmp/CheckSymbolExists.c:
/* */
#include <pthread.h>

int main(int argc, char** argv)
{
  (void)argv;
#ifndef pthread_create
  return ((int*)(&pthread_create))[argc];
#else
  (void)argc;
  return 0;
#endif
}

